<?xml version="1.0" encoding="UTF-8"?>
<!-- Generated by org.testng.reporters.JUnitReportReporter -->
<testsuite hostname="CMLPT077" failures="0" tests="5" name="Runner.TestRunner" time="20.710" errors="0" timestamp="2020-06-23T19:09:26 IST" skipped="0">
  <testcase classname="Runner.TestRunner" name="createEqpOrder" time="6.597"/>
  <system-out/>
  <testcase classname="Runner.TestRunner" name="editEqpOrder" time="5.510"/>
  <system-out/>
  <testcase classname="Runner.TestRunner" name="getOrderDetails" time="3.045"/>
  <system-out/>
  <testcase classname="Runner.TestRunner" name="listOfEO" time="1.782"/>
  <system-out/>
  <testcase classname="Runner.TestRunner" name="cancelEO" time="3.776"/>
  <system-out/>
</testsuite> <!-- Runner.TestRunner -->
