<?xml version="1.0" encoding="UTF-8"?>
<!-- Generated by org.testng.reporters.JUnitReportReporter -->
<testsuite hostname="CMLPT077" failures="0" tests="4" name="Runner.InHouseFleet_TestCases" time="20.198" errors="0" timestamp="2020-07-10T21:06:55 IST" skipped="1">
  <testcase classname="Runner.InHouseFleet_TestCases" name="createInhouseFleet" time="9.636"/>
  <system-out/>
  <testcase classname="Runner.InHouseFleet_TestCases" name="addUpdateInhouseFleet" time="7.222"/>
  <system-out/>
  <testcase classname="Runner.InHouseFleet_TestCases" name="getInhouseFleet" time="3.340"/>
  <system-out/>
  <testcase classname="Runner.InHouseFleet_TestCases" name="inHouseFleetEnquiry">
    <skipped/>
  </testcase> <!-- inHouseFleetEnquiry -->
  <system-out/>
</testsuite> <!-- Runner.InHouseFleet_TestCases -->
